0 verbose cli C:\Program Files\nodejs\node.exe C:\Program Files\nodejs\node_modules\npm\bin\npm-cli.js
1 info using npm@8.19.2
2 info using node@v18.12.1
3 timing npm:load:whichnode Completed in 0ms
4 timing config:load:defaults Completed in 7ms
5 timing config:load:file:C:\Program Files\nodejs\node_modules\npm\npmrc Completed in 29ms
6 timing config:load:builtin Completed in 30ms
7 timing config:load:cli Completed in 8ms
8 timing config:load:env Completed in 3ms
9 timing config:load:file:D:\Mobile\Rizeapp\Abc_App\.npmrc Completed in 1ms
10 timing config:load:project Completed in 4ms
11 timing config:load:file:C:\Users\User\.npmrc Completed in 2ms
12 timing config:load:user Completed in 3ms
13 timing config:load:file:C:\Users\User\AppData\Roaming\npm\etc\npmrc Completed in 1ms
14 timing config:load:global Completed in 1ms
15 timing config:load:validate Completed in 1ms
16 timing config:load:credentials Completed in 4ms
17 timing config:load:setEnvs Completed in 3ms
18 timing config:load Completed in 68ms
19 timing npm:load:configload Completed in 68ms
20 timing npm:load:mkdirpcache Completed in 6ms
21 timing npm:load:mkdirplogs Completed in 3ms
22 verbose title npm
23 verbose argv "--reset" "-cache" "start"
24 timing npm:load:setTitle Completed in 6ms
25 timing config:load:flatten Completed in 21ms
26 timing npm:load:display Completed in 27ms
27 verbose logfile logs-max:10 dir:D:\Mobile\Rizeapp\Abc_App\start\_logs
28 verbose logfile D:\Mobile\Rizeapp\Abc_App\start\_logs\2024-01-19T15_44_34_143Z-debug-0.log
29 timing npm:load:logFile Completed in 322ms
30 timing npm:load:timers Completed in 1ms
31 timing npm:load:configScope Completed in 0ms
32 timing npm:load Completed in 435ms
33 verbose exit 0
34 timing npm Completed in 458ms
35 verbose code 1
